2024-07-02 09:43:46,616 - INFO - Network activity: 0 bytes/sec
2024-07-02 09:43:47,623 - INFO - Network activity: 15865 bytes/sec
2024-07-02 09:43:48,643 - INFO - Network activity: 84472 bytes/sec
2024-07-02 09:43:49,661 - INFO - Network activity: 2256913 bytes/sec
2024-07-02 09:43:50,675 - INFO - Network activity: 5138 bytes/sec
2024-07-02 09:43:51,692 - INFO - Network activity: 1351 bytes/sec
2024-07-02 09:43:52,734 - INFO - Network activity: 2354372 bytes/sec
2024-07-02 09:43:53,750 - INFO - Network activity: 4921 bytes/sec
2024-07-02 09:43:54,767 - INFO - Network activity: 286 bytes/sec
2024-07-02 09:43:55,793 - INFO - Network activity: 20040 bytes/sec
2024-07-02 09:43:56,814 - INFO - Network activity: 2509487 bytes/sec
2024-07-02 09:43:57,826 - INFO - Network activity: 310 bytes/sec
2024-07-02 09:43:58,835 - INFO - Network activity: 321 bytes/sec
2024-07-02 09:43:59,845 - INFO - Network activity: 21764 bytes/sec
2024-07-02 09:44:00,863 - INFO - Network activity: 2295705 bytes/sec
2024-07-02 09:44:01,880 - INFO - Network activity: 159 bytes/sec
2024-07-02 09:44:02,894 - INFO - Network activity: 5744 bytes/sec
2024-07-02 09:44:03,915 - INFO - Network activity: 2362297 bytes/sec
2024-07-02 09:44:04,925 - INFO - Network activity: 689 bytes/sec
2024-07-02 09:44:05,939 - INFO - Network activity: 52807 bytes/sec
2024-07-02 09:44:06,957 - INFO - Network activity: 352 bytes/sec
2024-07-02 09:44:07,974 - INFO - Network activity: 2296967 bytes/sec
2024-07-02 09:44:08,991 - INFO - Network activity: 65407 bytes/sec
2024-07-02 09:44:10,006 - INFO - Network activity: 1469 bytes/sec
2024-07-02 09:44:11,019 - INFO - Network activity: 20551 bytes/sec
2024-07-02 09:44:12,037 - INFO - Network activity: 2284304 bytes/sec
2024-07-02 09:44:13,053 - INFO - Network activity: 811 bytes/sec
2024-07-02 09:44:14,064 - INFO - Network activity: 174 bytes/sec
2024-07-02 09:44:15,086 - INFO - Network activity: 19831 bytes/sec
2024-07-02 09:44:16,106 - INFO - Network activity: 2384696 bytes/sec
2024-07-02 09:44:17,120 - INFO - Network activity: 4203 bytes/sec
2024-07-02 09:44:18,127 - INFO - Network activity: 21897 bytes/sec
2024-07-02 09:44:19,147 - INFO - Network activity: 19266 bytes/sec
2024-07-02 09:44:20,167 - INFO - Network activity: 2272134 bytes/sec
2024-07-02 09:44:21,181 - INFO - Network activity: 588 bytes/sec
2024-07-02 09:44:22,202 - INFO - Network activity: 1395 bytes/sec
2024-07-02 09:44:23,215 - INFO - Network activity: 2005964 bytes/sec
2024-07-02 09:44:24,225 - INFO - Network activity: 365052 bytes/sec
2024-07-02 09:44:25,232 - INFO - Network activity: 963 bytes/sec
2024-07-02 09:44:26,249 - INFO - Network activity: 436 bytes/sec
2024-07-02 09:44:27,270 - INFO - Network activity: 2318590 bytes/sec
2024-07-02 09:44:28,288 - INFO - Network activity: 1837 bytes/sec
2024-07-02 09:44:29,298 - INFO - Network activity: 5004 bytes/sec
2024-07-02 09:44:30,309 - INFO - Network activity: 18607 bytes/sec
2024-07-02 09:44:31,320 - INFO - Network activity: 2308741 bytes/sec
2024-07-02 09:44:32,330 - INFO - Network activity: 5141 bytes/sec
2024-07-02 09:44:33,347 - INFO - Network activity: 23097 bytes/sec
2024-07-02 09:44:34,367 - INFO - Network activity: 19702 bytes/sec
2024-07-02 09:44:35,390 - INFO - Network activity: 2343252 bytes/sec
2024-07-02 09:44:36,410 - INFO - Network activity: 175 bytes/sec
2024-07-02 09:44:37,424 - INFO - Network activity: 495 bytes/sec
2024-07-02 09:44:38,436 - INFO - Network activity: 194979 bytes/sec
2024-07-02 09:44:39,456 - INFO - Network activity: 1611821 bytes/sec
2024-07-02 09:44:40,477 - INFO - Network activity: 5764 bytes/sec
2024-07-02 09:44:41,499 - INFO - Network activity: 2788430 bytes/sec
2024-07-02 09:44:41,499 - WARNING - Anomaly detected in network activity!
2024-07-02 09:44:41,516 - INFO - DNS resolution: OK
2024-07-02 09:44:41,531 - WARNING - Ping to 8.8.8.8 failed
2024-07-02 09:44:41,537 - WARNING - Packet loss test to 8.8.8.8 failed
2024-07-02 09:44:41,651 - INFO - HTTP response from http://www.google.com: 200
2024-07-02 09:45:14,488 - INFO - Download speed: 84.59 Mbps
2024-07-02 09:45:14,488 - INFO - Upload speed: 6.89 Mbps
2024-07-02 09:45:14,488 - INFO - Connection stability: Not enough data for stability analysis
2024-07-02 09:45:15,501 - INFO - Network activity: 229649378 bytes/sec
2024-07-02 09:45:15,501 - WARNING - Anomaly detected in network activity!
2024-07-02 09:45:15,518 - INFO - DNS resolution: OK
2024-07-02 09:45:15,525 - WARNING - Ping to 8.8.8.8 failed
2024-07-02 09:45:15,530 - WARNING - Packet loss test to 8.8.8.8 failed
2024-07-02 09:45:15,648 - INFO - HTTP response from http://www.google.com: 200
2024-07-02 09:45:45,234 - INFO - Download speed: 20.43 Mbps
2024-07-02 09:45:45,234 - INFO - Upload speed: 32.15 Mbps
2024-07-02 09:45:45,234 - INFO - Connection stability: Not enough data for stability analysis
2024-07-02 09:45:46,249 - INFO - Network activity: 103799379 bytes/sec
2024-07-02 09:45:46,249 - WARNING - Anomaly detected in network activity!
2024-07-02 09:45:46,249 - INFO - DNS resolution: OK
2024-07-02 09:45:46,256 - WARNING - Ping to 8.8.8.8 failed
2024-07-02 09:45:46,262 - WARNING - Packet loss test to 8.8.8.8 failed
2024-07-02 09:45:46,341 - INFO - HTTP response from http://www.google.com: 200
2024-07-02 09:46:11,941 - INFO - Download speed: 34.77 Mbps
2024-07-02 09:46:11,941 - INFO - Upload speed: 46.37 Mbps
2024-07-02 09:46:11,941 - INFO - Connection stability: Not enough data for stability analysis
2024-07-02 09:46:12,952 - INFO - Network activity: 135985562 bytes/sec
2024-07-02 09:46:12,953 - WARNING - Anomaly detected in network activity!
2024-07-02 09:46:12,953 - INFO - DNS resolution: OK
2024-07-02 09:46:12,959 - WARNING - Ping to 8.8.8.8 failed
2024-07-02 09:46:12,966 - WARNING - Packet loss test to 8.8.8.8 failed
2024-07-02 09:46:13,052 - INFO - HTTP response from http://www.google.com: 200
2024-07-02 09:46:36,173 - INFO - Download speed: 35.16 Mbps
2024-07-02 09:46:36,173 - INFO - Upload speed: 54.49 Mbps
2024-07-02 09:46:36,174 - INFO - Connection stability: Not enough data for stability analysis
2024-07-02 09:46:37,186 - INFO - Network activity: 140683343 bytes/sec
2024-07-02 09:46:37,186 - WARNING - Anomaly detected in network activity!
2024-07-02 09:46:37,186 - INFO - DNS resolution: OK
2024-07-02 09:46:37,192 - WARNING - Ping to 8.8.8.8 failed
2024-07-02 09:46:37,198 - WARNING - Packet loss test to 8.8.8.8 failed
2024-07-02 09:46:41,109 - INFO - HTTP response from http://www.google.com: 200
2024-07-02 09:47:10,117 - INFO - Download speed: 39.40 Mbps
2024-07-02 09:47:10,118 - INFO - Upload speed: 43.73 Mbps
2024-07-02 09:47:10,118 - INFO - Connection stability: Not enough data for stability analysis
2024-07-02 09:47:11,130 - INFO - Network activity: 167262675 bytes/sec
2024-07-02 09:47:11,130 - WARNING - Anomaly detected in network activity!
2024-07-02 09:47:11,131 - INFO - DNS resolution: OK
2024-07-02 09:47:11,137 - WARNING - Ping to 8.8.8.8 failed
2024-07-02 09:47:11,143 - WARNING - Packet loss test to 8.8.8.8 failed
2024-07-02 09:47:11,299 - INFO - HTTP response from http://www.google.com: 200
2024-07-02 09:47:42,080 - INFO - Download speed: 6.62 Mbps
2024-07-02 09:47:42,080 - INFO - Upload speed: 3.22 Mbps
2024-07-02 09:47:42,080 - INFO - Connection stability: Not enough data for stability analysis
2024-07-02 09:47:43,093 - INFO - Network activity: 27452167 bytes/sec
2024-07-02 09:47:44,111 - INFO - Network activity: 504 bytes/sec
2024-07-02 09:47:45,130 - INFO - Network activity: 22933 bytes/sec
2024-07-02 09:47:46,142 - INFO - Network activity: 12632 bytes/sec
2024-07-02 09:47:47,161 - INFO - Network activity: 547714 bytes/sec
2024-07-02 09:47:48,174 - INFO - Network activity: 33488 bytes/sec
2024-07-02 09:47:49,185 - INFO - Network activity: 321 bytes/sec
2024-07-02 09:47:50,200 - INFO - Network activity: 131 bytes/sec
2024-07-02 09:47:51,217 - INFO - Network activity: 0 bytes/sec
2024-07-02 09:47:52,229 - INFO - Network activity: 0 bytes/sec
2024-07-02 09:47:53,248 - INFO - Network activity: 0 bytes/sec
2024-07-02 09:47:54,269 - INFO - Network activity: 0 bytes/sec
2024-07-02 09:47:55,288 - INFO - Network activity: 915266 bytes/sec
2024-07-02 09:47:56,306 - INFO - Network activity: 7393 bytes/sec
2024-07-02 09:47:57,324 - INFO - Network activity: 244 bytes/sec
2024-07-02 09:47:58,335 - INFO - Network activity: 148954 bytes/sec
2024-07-02 09:47:59,348 - INFO - Network activity: 94895 bytes/sec
2024-07-02 09:48:00,369 - INFO - Network activity: 1122 bytes/sec
2024-07-02 09:48:01,384 - INFO - Network activity: 9147 bytes/sec
2024-07-02 09:48:02,400 - INFO - Network activity: 248161 bytes/sec
2024-07-02 09:48:03,414 - INFO - Network activity: 84530 bytes/sec
2024-07-02 09:48:04,427 - INFO - Network activity: 27047 bytes/sec
2024-07-02 09:48:05,443 - INFO - Network activity: 2889 bytes/sec
2024-07-02 09:48:06,461 - INFO - Network activity: 0 bytes/sec
2024-07-02 09:48:07,477 - INFO - Network activity: 0 bytes/sec
2024-07-02 09:48:08,491 - INFO - Network activity: 0 bytes/sec
2024-07-02 09:48:09,507 - INFO - Network activity: 13706 bytes/sec
2024-07-02 09:48:10,518 - INFO - Network activity: 822269 bytes/sec
2024-07-02 09:48:11,531 - INFO - Network activity: 10177 bytes/sec
2024-07-02 09:48:12,549 - INFO - Network activity: 20009 bytes/sec
2024-07-02 09:48:13,571 - INFO - Network activity: 219039 bytes/sec
2024-07-02 09:48:14,587 - INFO - Network activity: 19044 bytes/sec
2024-07-02 09:48:15,602 - INFO - Network activity: 2647 bytes/sec
2024-07-02 09:48:16,613 - INFO - Network activity: 703 bytes/sec
2024-07-02 09:48:17,629 - INFO - Network activity: 110727 bytes/sec
2024-07-02 09:48:18,640 - INFO - Network activity: 557307 bytes/sec
2024-07-02 09:48:19,653 - INFO - Network activity: 2223 bytes/sec
2024-07-02 09:48:20,675 - INFO - Network activity: 0 bytes/sec
2024-07-02 09:48:21,691 - INFO - Network activity: 0 bytes/sec
2024-07-02 09:48:22,700 - INFO - Network activity: 0 bytes/sec
2024-07-02 09:48:23,712 - INFO - Network activity: 0 bytes/sec
2024-07-02 09:48:24,725 - INFO - Network activity: 576802 bytes/sec
2024-07-02 09:48:25,742 - INFO - Network activity: 622058 bytes/sec
2024-07-02 09:48:26,750 - INFO - Network activity: 20657 bytes/sec
2024-07-02 09:48:27,761 - INFO - Network activity: 0 bytes/sec
2024-07-02 09:48:28,780 - INFO - Network activity: 519605 bytes/sec
2024-07-02 09:48:29,796 - INFO - Network activity: 21900 bytes/sec
2024-07-02 09:48:30,809 - INFO - Network activity: 1086 bytes/sec
2024-07-02 09:48:31,819 - INFO - Network activity: 4007 bytes/sec
2024-07-02 09:48:32,840 - INFO - Network activity: 601475 bytes/sec
2024-07-02 09:48:33,860 - INFO - Network activity: 9480 bytes/sec
2024-07-02 09:48:34,882 - INFO - Network activity: 175 bytes/sec
2024-07-02 09:48:35,901 - INFO - Network activity: 0 bytes/sec
2024-07-02 09:48:36,909 - INFO - Network activity: 0 bytes/sec
2024-07-02 09:48:37,921 - INFO - Network activity: 0 bytes/sec
2024-07-02 09:48:38,941 - INFO - Network activity: 47648 bytes/sec
2024-07-02 09:48:39,960 - INFO - Network activity: 1451506 bytes/sec
2024-07-02 09:48:40,967 - INFO - Network activity: 1119286 bytes/sec
2024-07-02 09:48:41,980 - INFO - Network activity: 28390 bytes/sec
2024-07-02 09:48:42,991 - INFO - Network activity: 9850 bytes/sec
2024-07-02 09:48:44,007 - INFO - Network activity: 558640 bytes/sec
2024-07-02 09:48:45,079 - INFO - Network activity: 20460 bytes/sec
2024-07-02 09:48:46,095 - INFO - Network activity: 25554 bytes/sec
2024-07-02 09:48:47,108 - INFO - Network activity: 8822 bytes/sec
2024-07-02 09:48:48,128 - INFO - Network activity: 558300 bytes/sec
2024-07-02 09:48:49,145 - INFO - Network activity: 934 bytes/sec
2024-07-02 09:48:50,162 - INFO - Network activity: 60 bytes/sec
2024-07-02 09:48:51,181 - INFO - Network activity: 0 bytes/sec
2024-07-02 09:48:52,203 - INFO - Network activity: 0 bytes/sec
2024-07-02 09:48:53,213 - INFO - Network activity: 0 bytes/sec
2024-07-02 09:48:54,223 - INFO - Network activity: 606811 bytes/sec
2024-07-02 09:48:55,233 - INFO - Network activity: 10286 bytes/sec
2024-07-02 09:48:56,256 - INFO - Network activity: 563078 bytes/sec
2024-07-02 09:48:57,272 - INFO - Network activity: 19201 bytes/sec
2024-07-02 09:48:58,290 - INFO - Network activity: 161 bytes/sec
2024-07-02 09:48:59,301 - INFO - Network activity: 86227 bytes/sec
2024-07-02 09:49:00,322 - INFO - Network activity: 497494 bytes/sec
2024-07-02 09:49:01,343 - INFO - Network activity: 28023 bytes/sec
2024-07-02 09:49:02,360 - INFO - Network activity: 57956 bytes/sec
2024-07-02 09:49:03,367 - INFO - Network activity: 494649 bytes/sec
2024-07-02 09:49:04,378 - INFO - Network activity: 75501 bytes/sec
2024-07-02 09:49:05,388 - INFO - Network activity: 0 bytes/sec
2024-07-02 09:49:06,407 - INFO - Network activity: 0 bytes/sec
2024-07-02 09:49:07,422 - INFO - Network activity: 0 bytes/sec
2024-07-02 09:49:08,441 - INFO - Network activity: 0 bytes/sec
2024-07-02 09:49:09,449 - INFO - Network activity: 1834362 bytes/sec
2024-07-02 09:49:09,449 - WARNING - Anomaly detected in network activity!
2024-07-02 09:49:09,699 - INFO - DNS resolution: OK
2024-07-02 09:49:09,705 - WARNING - Ping to 8.8.8.8 failed
2024-07-02 09:49:09,712 - WARNING - Packet loss test to 8.8.8.8 failed
2024-07-02 09:49:09,887 - INFO - HTTP response from http://www.google.com: 200
2024-07-02 09:49:38,822 - INFO - Download speed: 9.41 Mbps
2024-07-02 09:49:38,822 - INFO - Upload speed: 0.38 Mbps
2024-07-02 09:49:38,822 - INFO - Connection stability: Not enough data for stability analysis
2024-07-02 09:49:39,832 - INFO - Network activity: 26391091 bytes/sec
2024-07-02 09:49:39,832 - WARNING - Anomaly detected in network activity!
2024-07-02 09:49:39,832 - INFO - DNS resolution: OK
2024-07-02 09:49:39,838 - WARNING - Ping to 8.8.8.8 failed
2024-07-02 09:49:39,845 - WARNING - Packet loss test to 8.8.8.8 failed
2024-07-02 09:49:40,439 - INFO - HTTP response from http://www.google.com: 200
2024-07-02 09:50:10,410 - INFO - Monitoring stopped by user.
2024-07-02 09:50:38,143 - INFO - Network activity: 0 bytes/sec
2024-07-02 09:50:39,161 - INFO - Network activity: 195981 bytes/sec
2024-07-02 09:50:40,186 - INFO - Network activity: 467787 bytes/sec
2024-07-02 09:50:41,200 - INFO - Network activity: 195704 bytes/sec
2024-07-02 09:50:42,209 - INFO - Network activity: 620308 bytes/sec
2024-07-02 09:50:43,225 - INFO - Network activity: 564354 bytes/sec
2024-07-02 09:50:44,245 - INFO - Network activity: 576458 bytes/sec
2024-07-02 09:50:45,257 - INFO - Network activity: 561633 bytes/sec
2024-07-02 09:50:46,279 - INFO - Network activity: 7622 bytes/sec
2024-07-02 09:50:47,293 - INFO - Network activity: 14213 bytes/sec
2024-07-02 09:50:48,301 - INFO - Network activity: 42612 bytes/sec
2024-07-02 09:50:49,323 - INFO - Network activity: 0 bytes/sec
2024-07-02 09:50:50,331 - INFO - Network activity: 0 bytes/sec
2024-07-02 09:50:51,345 - INFO - Network activity: 0 bytes/sec
2024-07-02 09:50:52,360 - INFO - Network activity: 0 bytes/sec
2024-07-02 09:50:53,367 - INFO - Network activity: 676236 bytes/sec
2024-07-02 09:50:54,384 - INFO - Network activity: 156725 bytes/sec
2024-07-02 09:50:55,405 - INFO - Network activity: 20137 bytes/sec
2024-07-02 09:50:56,414 - INFO - Network activity: 1131 bytes/sec
2024-07-02 09:50:57,433 - INFO - Network activity: 234310 bytes/sec
2024-07-02 09:50:58,448 - INFO - Network activity: 15214 bytes/sec
2024-07-02 09:50:59,465 - INFO - Network activity: 1971 bytes/sec
2024-07-02 09:51:00,479 - INFO - Network activity: 20167 bytes/sec
2024-07-02 09:51:01,496 - INFO - Network activity: 1067303 bytes/sec
2024-07-02 09:51:02,518 - INFO - Network activity: 37322 bytes/sec
2024-07-02 09:51:03,535 - INFO - Network activity: 26365 bytes/sec
2024-07-02 09:51:04,552 - INFO - Network activity: 0 bytes/sec
2024-07-02 09:51:05,572 - INFO - Network activity: 0 bytes/sec
2024-07-02 09:51:06,588 - INFO - Network activity: 0 bytes/sec
2024-07-02 09:51:07,605 - INFO - Network activity: 0 bytes/sec
2024-07-02 09:51:08,617 - INFO - Network activity: 819309 bytes/sec
2024-07-02 09:51:09,632 - INFO - Network activity: 12610 bytes/sec
2024-07-02 09:51:10,653 - INFO - Network activity: 30882 bytes/sec
2024-07-02 09:51:11,670 - INFO - Network activity: 2413 bytes/sec
2024-07-02 09:51:12,689 - INFO - Network activity: 227182 bytes/sec
2024-07-02 09:51:13,705 - INFO - Network activity: 21063 bytes/sec
2024-07-02 09:51:14,724 - INFO - Network activity: 0 bytes/sec
2024-07-02 09:51:15,740 - INFO - Network activity: 2168 bytes/sec
2024-07-02 09:51:16,756 - INFO - Network activity: 593923 bytes/sec
2024-07-02 09:51:17,777 - INFO - Network activity: 27984 bytes/sec
2024-07-02 09:51:18,792 - INFO - Network activity: 4136 bytes/sec
2024-07-02 09:51:19,705 - INFO - Monitoring stopped by user.
